 WARN [2018-10-06 02:20:34,172] (BaseRetryAspect.java:isLoginExceptionRetryable:124) - Login evaluation deemed exception not retry-able:
 LoginFault: Invalid username, password, security token; or user locked out.
 WARN [2018-10-06 02:20:34,177] (BaseRetryAspect.java:isConnectionExceptionRetryable:159) - Connection evaluation deemed exception not retry-able:
 LoginFault: Invalid username, password, security token; or user locked out.
 WARN [2018-10-06 02:20:34,180] (ProjectController.java:getRemotePackageNames:862) - Unable to get project packages for project 'FirstTest': Invalid username, password, security token; or user locked out.
 WARN [2018-10-06 02:20:34,198] (ProjectOrganizationPage.java:prepareNextPage:263) - Unable to login: Invalid username, password, security token; or user locked out.
 WARN [2018-10-06 02:21:19,033] (BaseRetryAspect.java:isLoginExceptionRetryable:124) - Login evaluation deemed exception not retry-able:
 LoginFault: Invalid username, password, security token; or user locked out. Are you at a new location? When accessing Salesforce--either via a desktop client or the API--from outside of your company’s trusted networks, you must add a security token to your password to log in. To get your new security token, log in to Salesforce. From your personal settings, enter Reset My Security Token in the Quick Find box, then select Reset My Security Token.
 WARN [2018-10-06 02:21:19,040] (BaseRetryAspect.java:isConnectionExceptionRetryable:159) - Connection evaluation deemed exception not retry-able:
 LoginFault: Invalid username, password, security token; or user locked out. Are you at a new location? When accessing Salesforce--either via a desktop client or the API--from outside of your company’s trusted networks, you must add a security token to your password to log in. To get your new security token, log in to Salesforce. From your personal settings, enter Reset My Security Token in the Quick Find box, then select Reset My Security Token.
 WARN [2018-10-06 02:21:19,047] (ProjectController.java:getRemotePackageNames:862) - Unable to get project packages for project 'FirstTest': Invalid username, password, security token; or user locked out. Are you at a new location? When accessing Salesforce--either via a desktop client or the API--from outside of your company’s trusted networks, you must add a security token to your password to log in. To get your new security token, log in to Salesforce. From your personal settings, enter Reset My Security Token in the Quick Find box, then select Reset My Security Token.
 WARN [2018-10-06 02:21:19,064] (ProjectOrganizationPage.java:prepareNextPage:263) - Unable to login: Invalid username, password, security token; or user locked out. Are you at a new location? When accessing Salesforce--either via a desktop client or the API--from outside of your company’s trusted networks, you must add a security token to your password to log in. To get your new security token, log in to Salesforce. From your personal settings, enter Reset My Security Token in the Quick Find box, then select Reset My Security Token.
 WARN [2018-10-06 02:24:28,422] (BaseRetryAspect.java:isLoginExceptionRetryable:124) - Login evaluation deemed exception not retry-able:
 LoginFault: Invalid username, password, security token; or user locked out. Are you at a new location? When accessing Salesforce--either via a desktop client or the API--from outside of your company’s trusted networks, you must add a security token to your password to log in. To get your new security token, log in to Salesforce. From your personal settings, enter Reset My Security Token in the Quick Find box, then select Reset My Security Token.
 WARN [2018-10-06 02:24:28,428] (BaseRetryAspect.java:isConnectionExceptionRetryable:159) - Connection evaluation deemed exception not retry-able:
 LoginFault: Invalid username, password, security token; or user locked out. Are you at a new location? When accessing Salesforce--either via a desktop client or the API--from outside of your company’s trusted networks, you must add a security token to your password to log in. To get your new security token, log in to Salesforce. From your personal settings, enter Reset My Security Token in the Quick Find box, then select Reset My Security Token.
 WARN [2018-10-06 02:24:28,435] (ProjectController.java:getRemotePackageNames:862) - Unable to get project packages for project 'FirstTest': Invalid username, password, security token; or user locked out. Are you at a new location? When accessing Salesforce--either via a desktop client or the API--from outside of your company’s trusted networks, you must add a security token to your password to log in. To get your new security token, log in to Salesforce. From your personal settings, enter Reset My Security Token in the Quick Find box, then select Reset My Security Token.
 WARN [2018-10-06 02:24:28,459] (ProjectOrganizationPage.java:prepareNextPage:263) - Unable to login: Invalid username, password, security token; or user locked out. Are you at a new location? When accessing Salesforce--either via a desktop client or the API--from outside of your company’s trusted networks, you must add a security token to your password to log in. To get your new security token, log in to Salesforce. From your personal settings, enter Reset My Security Token in the Quick Find box, then select Reset My Security Token.
 WARN [2018-10-06 02:25:23,425] (BaseRetryAspect.java:isLoginExceptionRetryable:124) - Login evaluation deemed exception not retry-able:
 LoginFault: Invalid username, password, security token; or user locked out.
 WARN [2018-10-06 02:25:23,430] (BaseRetryAspect.java:isConnectionExceptionRetryable:159) - Connection evaluation deemed exception not retry-able:
 LoginFault: Invalid username, password, security token; or user locked out.
 WARN [2018-10-06 02:25:23,436] (ProjectController.java:getRemotePackageNames:862) - Unable to get project packages for project 'FirstTest': Invalid username, password, security token; or user locked out.
 WARN [2018-10-06 02:25:23,469] (ProjectOrganizationPage.java:prepareNextPage:263) - Unable to login: Invalid username, password, security token; or user locked out.
 WARN [2018-10-06 02:25:53,684] (BaseRetryAspect.java:isLoginExceptionRetryable:124) - Login evaluation deemed exception not retry-able:
 LoginFault: Invalid username, password, security token; or user locked out.
 WARN [2018-10-06 02:25:53,690] (BaseRetryAspect.java:isConnectionExceptionRetryable:159) - Connection evaluation deemed exception not retry-able:
 LoginFault: Invalid username, password, security token; or user locked out.
 WARN [2018-10-06 02:25:53,696] (ProjectController.java:getRemotePackageNames:862) - Unable to get project packages for project 'FirstTest': Invalid username, password, security token; or user locked out.
 WARN [2018-10-06 02:25:53,723] (ProjectOrganizationPage.java:prepareNextPage:263) - Unable to login: Invalid username, password, security token; or user locked out.
 WARN [2018-10-06 02:34:04,141] (BaseRetryAspect.java:isLoginExceptionRetryable:124) - Login evaluation deemed exception not retry-able:
 LoginFault: Invalid username, password, security token; or user locked out.
 WARN [2018-10-06 02:34:04,148] (BaseRetryAspect.java:isConnectionExceptionRetryable:159) - Connection evaluation deemed exception not retry-able:
 LoginFault: Invalid username, password, security token; or user locked out.
 WARN [2018-10-06 02:34:04,153] (ProjectController.java:getRemotePackageNames:862) - Unable to get project packages for project 'FirstTest': Invalid username, password, security token; or user locked out.
 WARN [2018-10-06 02:34:04,180] (ProjectOrganizationPage.java:prepareNextPage:263) - Unable to login: Invalid username, password, security token; or user locked out.
 WARN [2018-10-06 02:42:42,701] (BaseRetryAspect.java:isLoginExceptionRetryable:124) - Login evaluation deemed exception not retry-able:
 LoginFault: Invalid username, password, security token; or user locked out. Are you at a new location? When accessing Salesforce--either via a desktop client or the API--from outside of your company’s trusted networks, you must add a security token to your password to log in. To get your new security token, log in to Salesforce. From your personal settings, enter Reset My Security Token in the Quick Find box, then select Reset My Security Token.
 WARN [2018-10-06 02:42:42,708] (BaseRetryAspect.java:isConnectionExceptionRetryable:159) - Connection evaluation deemed exception not retry-able:
 LoginFault: Invalid username, password, security token; or user locked out. Are you at a new location? When accessing Salesforce--either via a desktop client or the API--from outside of your company’s trusted networks, you must add a security token to your password to log in. To get your new security token, log in to Salesforce. From your personal settings, enter Reset My Security Token in the Quick Find box, then select Reset My Security Token.
 WARN [2018-10-06 02:42:42,715] (ProjectController.java:getRemotePackageNames:862) - Unable to get project packages for project 'Hithere': Invalid username, password, security token; or user locked out. Are you at a new location? When accessing Salesforce--either via a desktop client or the API--from outside of your company’s trusted networks, you must add a security token to your password to log in. To get your new security token, log in to Salesforce. From your personal settings, enter Reset My Security Token in the Quick Find box, then select Reset My Security Token.
 WARN [2018-10-06 02:42:42,739] (ProjectOrganizationPage.java:prepareNextPage:263) - Unable to login: Invalid username, password, security token; or user locked out. Are you at a new location? When accessing Salesforce--either via a desktop client or the API--from outside of your company’s trusted networks, you must add a security token to your password to log in. To get your new security token, log in to Salesforce. From your personal settings, enter Reset My Security Token in the Quick Find box, then select Reset My Security Token.
 WARN [2018-10-06 02:43:16,107] (BaseRetryAspect.java:isLoginExceptionRetryable:124) - Login evaluation deemed exception not retry-able:
 LoginFault: Invalid username, password, security token; or user locked out.
 WARN [2018-10-06 02:43:16,109] (BaseRetryAspect.java:isConnectionExceptionRetryable:159) - Connection evaluation deemed exception not retry-able:
 LoginFault: Invalid username, password, security token; or user locked out.
 WARN [2018-10-06 02:43:16,110] (ProjectController.java:getRemotePackageNames:862) - Unable to get project packages for project 'Hithere': Invalid username, password, security token; or user locked out.
 WARN [2018-10-06 02:43:16,127] (ProjectOrganizationPage.java:prepareNextPage:263) - Unable to login: Invalid username, password, security token; or user locked out.
 WARN [2018-10-06 02:47:41,941] (BaseRetryAspect.java:isLoginExceptionRetryable:124) - Login evaluation deemed exception not retry-able:
 LoginFault: Invalid username, password, security token; or user locked out.
 WARN [2018-10-06 02:47:41,946] (BaseRetryAspect.java:isConnectionExceptionRetryable:159) - Connection evaluation deemed exception not retry-able:
 LoginFault: Invalid username, password, security token; or user locked out.
 WARN [2018-10-06 02:47:41,950] (ProjectController.java:getRemotePackageNames:862) - Unable to get project packages for project 'Hithere': Invalid username, password, security token; or user locked out.
 WARN [2018-10-06 02:47:41,979] (ProjectOrganizationPage.java:prepareNextPage:263) - Unable to login: Invalid username, password, security token; or user locked out.
 WARN [2018-10-06 02:48:44,445] (ConnectionFactory.java:clearCache:217) - No cached connections
 WARN [2018-10-06 02:48:44,455] (DescribeObjectRegistry.java:clearCache:660) - No cached describes
 WARN [2018-10-06 02:48:44,458] (MetadataFactory.java:clearCache:125) - No cached metadata stubs
 WARN [2018-10-06 03:39:43,242] (ConnectionFactory.java:clearCache:217) - No cached connections
 WARN [2018-10-06 03:39:43,291] (DescribeObjectRegistry.java:clearCache:660) - No cached describes
 WARN [2018-10-06 03:39:43,295] (MetadataFactory.java:clearCache:125) - No cached metadata stubs
 WARN [2018-10-06 03:40:20,049] (ConnectionFactory.java:clearCache:217) - No cached connections
 WARN [2018-10-06 03:40:20,087] (DescribeObjectRegistry.java:clearCache:660) - No cached describes
 WARN [2018-10-06 03:40:20,090] (MetadataFactory.java:clearCache:125) - No cached metadata stubs
 WARN [2018-10-06 03:40:45,878] (ConnectionFactory.java:clearCache:217) - No cached connections
 WARN [2018-10-06 03:40:45,929] (DescribeObjectRegistry.java:clearCache:660) - No cached describes
 WARN [2018-10-06 03:40:45,933] (MetadataFactory.java:clearCache:125) - No cached metadata stubs
 WARN [2018-10-11 22:22:22,249] (ConnectionFactory.java:clearCache:217) - No cached connections
 WARN [2018-10-11 22:22:22,278] (DescribeObjectRegistry.java:clearCache:660) - No cached describes
 WARN [2018-10-11 22:22:22,279] (MetadataFactory.java:clearCache:125) - No cached metadata stubs
 WARN [2018-10-16 12:12:18,529] (ConnectionFactory.java:clearCache:217) - No cached connections
 WARN [2018-10-16 12:12:18,576] (DescribeObjectRegistry.java:clearCache:660) - No cached describes
 WARN [2018-10-16 12:12:18,579] (MetadataFactory.java:clearCache:125) - No cached metadata stubs
 WARN [2018-10-16 17:33:11,168] (ConnectionFactory.java:clearCache:217) - No cached connections
 WARN [2018-10-16 17:33:11,213] (DescribeObjectRegistry.java:clearCache:660) - No cached describes
 WARN [2018-10-16 17:33:11,214] (MetadataFactory.java:clearCache:125) - No cached metadata stubs
 WARN [2018-10-25 00:53:36,379] (ConnectionFactory.java:clearCache:217) - No cached connections
 WARN [2018-10-25 00:53:36,434] (DescribeObjectRegistry.java:clearCache:660) - No cached describes
 WARN [2018-10-25 00:53:36,438] (MetadataFactory.java:clearCache:125) - No cached metadata stubs
 WARN [2019-01-29 22:08:58,276] (BaseRetryAspect.java:isLoginExceptionRetryable:124) - Login evaluation deemed exception not retry-able:
 LoginFault: Invalid username, password, security token; or user locked out. Are you at a new location? When accessing Salesforce--either via a desktop client or the API--from outside of your company’s trusted networks, you must add a security token to your password to log in. To get your new security token, log in to Salesforce. From your personal settings, enter Reset My Security Token in the Quick Find box, then select Reset My Security Token.
 WARN [2019-01-29 22:08:58,303] (BaseRetryAspect.java:isConnectionExceptionRetryable:159) - Connection evaluation deemed exception not retry-able:
 LoginFault: Invalid username, password, security token; or user locked out. Are you at a new location? When accessing Salesforce--either via a desktop client or the API--from outside of your company’s trusted networks, you must add a security token to your password to log in. To get your new security token, log in to Salesforce. From your personal settings, enter Reset My Security Token in the Quick Find box, then select Reset My Security Token.
 WARN [2019-01-29 22:08:58,310] (ProjectController.java:getRemotePackageNames:862) - Unable to get project packages for project 'MyDevOrgs': Invalid username, password, security token; or user locked out. Are you at a new location? When accessing Salesforce--either via a desktop client or the API--from outside of your company’s trusted networks, you must add a security token to your password to log in. To get your new security token, log in to Salesforce. From your personal settings, enter Reset My Security Token in the Quick Find box, then select Reset My Security Token.
 WARN [2019-01-29 22:08:58,353] (ProjectOrganizationPage.java:prepareNextPage:263) - Unable to login: Invalid username, password, security token; or user locked out. Are you at a new location? When accessing Salesforce--either via a desktop client or the API--from outside of your company’s trusted networks, you must add a security token to your password to log in. To get your new security token, log in to Salesforce. From your personal settings, enter Reset My Security Token in the Quick Find box, then select Reset My Security Token.
 WARN [2019-01-29 23:01:07,918] (ConnectionFactory.java:clearCache:217) - No cached connections
 WARN [2019-01-29 23:01:07,920] (DescribeObjectRegistry.java:clearCache:660) - No cached describes
 WARN [2019-01-29 23:01:07,922] (MetadataFactory.java:clearCache:125) - No cached metadata stubs
 WARN [2019-01-30 08:27:06,723] (ConnectionFactory.java:clearCache:217) - No cached connections
 WARN [2019-01-30 08:27:06,753] (DescribeObjectRegistry.java:clearCache:660) - No cached describes
 WARN [2019-01-30 08:27:06,756] (MetadataFactory.java:clearCache:125) - No cached metadata stubs
 WARN [2019-01-30 23:59:37,140] (BaseRetryAspect.java:isLoginExceptionRetryable:124) - Login evaluation deemed exception not retry-able:
 LoginFault: Invalid username, password, security token; or user locked out. Are you at a new location? When accessing Salesforce--either via a desktop client or the API--from outside of your company’s trusted networks, you must add a security token to your password to log in. To get your new security token, log in to Salesforce. From your personal settings, enter Reset My Security Token in the Quick Find box, then select Reset My Security Token.
 WARN [2019-01-30 23:59:37,183] (BaseRetryAspect.java:isConnectionExceptionRetryable:159) - Connection evaluation deemed exception not retry-able:
 LoginFault: Invalid username, password, security token; or user locked out. Are you at a new location? When accessing Salesforce--either via a desktop client or the API--from outside of your company’s trusted networks, you must add a security token to your password to log in. To get your new security token, log in to Salesforce. From your personal settings, enter Reset My Security Token in the Quick Find box, then select Reset My Security Token.
 WARN [2019-01-30 23:59:37,189] (ProjectController.java:getRemotePackageNames:862) - Unable to get project packages for project 'MyDevOrgs': Invalid username, password, security token; or user locked out. Are you at a new location? When accessing Salesforce--either via a desktop client or the API--from outside of your company’s trusted networks, you must add a security token to your password to log in. To get your new security token, log in to Salesforce. From your personal settings, enter Reset My Security Token in the Quick Find box, then select Reset My Security Token.
 WARN [2019-01-30 23:59:37,215] (ProjectOrganizationPage.java:prepareNextPage:263) - Unable to login: Invalid username, password, security token; or user locked out. Are you at a new location? When accessing Salesforce--either via a desktop client or the API--from outside of your company’s trusted networks, you must add a security token to your password to log in. To get your new security token, log in to Salesforce. From your personal settings, enter Reset My Security Token in the Quick Find box, then select Reset My Security Token.
 WARN [2019-01-31 00:00:38,351] (BaseRetryAspect.java:isLoginExceptionRetryable:124) - Login evaluation deemed exception not retry-able:
 LoginFault: Invalid username, password, security token; or user locked out. Are you at a new location? When accessing Salesforce--either via a desktop client or the API--from outside of your company’s trusted networks, you must add a security token to your password to log in. To get your new security token, log in to Salesforce. From your personal settings, enter Reset My Security Token in the Quick Find box, then select Reset My Security Token.
 WARN [2019-01-31 00:00:38,362] (BaseRetryAspect.java:isConnectionExceptionRetryable:159) - Connection evaluation deemed exception not retry-able:
 LoginFault: Invalid username, password, security token; or user locked out. Are you at a new location? When accessing Salesforce--either via a desktop client or the API--from outside of your company’s trusted networks, you must add a security token to your password to log in. To get your new security token, log in to Salesforce. From your personal settings, enter Reset My Security Token in the Quick Find box, then select Reset My Security Token.
 WARN [2019-01-31 00:00:38,375] (ProjectController.java:getRemotePackageNames:862) - Unable to get project packages for project 'MyDevOrgs': Invalid username, password, security token; or user locked out. Are you at a new location? When accessing Salesforce--either via a desktop client or the API--from outside of your company’s trusted networks, you must add a security token to your password to log in. To get your new security token, log in to Salesforce. From your personal settings, enter Reset My Security Token in the Quick Find box, then select Reset My Security Token.
 WARN [2019-01-31 00:00:38,396] (ProjectOrganizationPage.java:prepareNextPage:263) - Unable to login: Invalid username, password, security token; or user locked out. Are you at a new location? When accessing Salesforce--either via a desktop client or the API--from outside of your company’s trusted networks, you must add a security token to your password to log in. To get your new security token, log in to Salesforce. From your personal settings, enter Reset My Security Token in the Quick Find box, then select Reset My Security Token.
 WARN [2019-01-31 00:01:01,316] (BaseRetryAspect.java:isLoginExceptionRetryable:124) - Login evaluation deemed exception not retry-able:
 LoginFault: Invalid username, password, security token; or user locked out.
 WARN [2019-01-31 00:01:01,320] (BaseRetryAspect.java:isConnectionExceptionRetryable:159) - Connection evaluation deemed exception not retry-able:
 LoginFault: Invalid username, password, security token; or user locked out.
 WARN [2019-01-31 00:01:01,326] (ProjectController.java:getRemotePackageNames:862) - Unable to get project packages for project 'MyDevOrgs': Invalid username, password, security token; or user locked out.
 WARN [2019-01-31 00:01:01,352] (ProjectOrganizationPage.java:prepareNextPage:263) - Unable to login: Invalid username, password, security token; or user locked out.
 WARN [2019-01-31 00:01:28,809] (BaseRetryAspect.java:isLoginExceptionRetryable:124) - Login evaluation deemed exception not retry-able:
 LoginFault: Invalid username, password, security token; or user locked out. Are you at a new location? When accessing Salesforce--either via a desktop client or the API--from outside of your company’s trusted networks, you must add a security token to your password to log in. To get your new security token, log in to Salesforce. From your personal settings, enter Reset My Security Token in the Quick Find box, then select Reset My Security Token.
 WARN [2019-01-31 00:01:28,810] (BaseRetryAspect.java:isConnectionExceptionRetryable:159) - Connection evaluation deemed exception not retry-able:
 LoginFault: Invalid username, password, security token; or user locked out. Are you at a new location? When accessing Salesforce--either via a desktop client or the API--from outside of your company’s trusted networks, you must add a security token to your password to log in. To get your new security token, log in to Salesforce. From your personal settings, enter Reset My Security Token in the Quick Find box, then select Reset My Security Token.
 WARN [2019-01-31 00:01:28,812] (ProjectController.java:getRemotePackageNames:862) - Unable to get project packages for project 'MyDevOrgs': Invalid username, password, security token; or user locked out. Are you at a new location? When accessing Salesforce--either via a desktop client or the API--from outside of your company’s trusted networks, you must add a security token to your password to log in. To get your new security token, log in to Salesforce. From your personal settings, enter Reset My Security Token in the Quick Find box, then select Reset My Security Token.
 WARN [2019-01-31 00:01:28,826] (ProjectOrganizationPage.java:prepareNextPage:263) - Unable to login: Invalid username, password, security token; or user locked out. Are you at a new location? When accessing Salesforce--either via a desktop client or the API--from outside of your company’s trusted networks, you must add a security token to your password to log in. To get your new security token, log in to Salesforce. From your personal settings, enter Reset My Security Token in the Quick Find box, then select Reset My Security Token.
 WARN [2019-01-31 00:01:48,444] (BaseRetryAspect.java:isLoginExceptionRetryable:124) - Login evaluation deemed exception not retry-able:
 LoginFault: Invalid username, password, security token; or user locked out.
 WARN [2019-01-31 00:01:48,446] (BaseRetryAspect.java:isConnectionExceptionRetryable:159) - Connection evaluation deemed exception not retry-able:
 LoginFault: Invalid username, password, security token; or user locked out.
 WARN [2019-01-31 00:01:48,447] (ProjectController.java:getRemotePackageNames:862) - Unable to get project packages for project 'MyDevOrgs': Invalid username, password, security token; or user locked out.
 WARN [2019-01-31 00:01:48,464] (ProjectOrganizationPage.java:prepareNextPage:263) - Unable to login: Invalid username, password, security token; or user locked out.
 WARN [2019-01-31 00:04:03,143] (BaseRetryAspect.java:isLoginExceptionRetryable:124) - Login evaluation deemed exception not retry-able:
 LoginFault: Invalid username, password, security token; or user locked out. Are you at a new location? When accessing Salesforce--either via a desktop client or the API--from outside of your company’s trusted networks, you must add a security token to your password to log in. To get your new security token, log in to Salesforce. From your personal settings, enter Reset My Security Token in the Quick Find box, then select Reset My Security Token.
 WARN [2019-01-31 00:04:03,151] (BaseRetryAspect.java:isConnectionExceptionRetryable:159) - Connection evaluation deemed exception not retry-able:
 LoginFault: Invalid username, password, security token; or user locked out. Are you at a new location? When accessing Salesforce--either via a desktop client or the API--from outside of your company’s trusted networks, you must add a security token to your password to log in. To get your new security token, log in to Salesforce. From your personal settings, enter Reset My Security Token in the Quick Find box, then select Reset My Security Token.
 WARN [2019-01-31 00:04:03,157] (ProjectController.java:getRemotePackageNames:862) - Unable to get project packages for project 'MyHandsOn': Invalid username, password, security token; or user locked out. Are you at a new location? When accessing Salesforce--either via a desktop client or the API--from outside of your company’s trusted networks, you must add a security token to your password to log in. To get your new security token, log in to Salesforce. From your personal settings, enter Reset My Security Token in the Quick Find box, then select Reset My Security Token.
 WARN [2019-01-31 00:04:03,188] (ProjectOrganizationPage.java:prepareNextPage:263) - Unable to login: Invalid username, password, security token; or user locked out. Are you at a new location? When accessing Salesforce--either via a desktop client or the API--from outside of your company’s trusted networks, you must add a security token to your password to log in. To get your new security token, log in to Salesforce. From your personal settings, enter Reset My Security Token in the Quick Find box, then select Reset My Security Token.
 WARN [2019-01-31 00:04:19,937] (ConnectionFactory.java:clearCache:217) - No cached connections
 WARN [2019-01-31 00:04:19,946] (DescribeObjectRegistry.java:clearCache:660) - No cached describes
 WARN [2019-01-31 00:04:19,948] (MetadataFactory.java:clearCache:125) - No cached metadata stubs
 WARN [2019-01-31 22:14:49,425] (BaseRetryAspect.java:isLoginExceptionRetryable:124) - Login evaluation deemed exception not retry-able:
 LoginFault: Invalid username, password, security token; or user locked out. Are you at a new location? When accessing Salesforce--either via a desktop client or the API--from outside of your company’s trusted networks, you must add a security token to your password to log in. To get your new security token, log in to Salesforce. From your personal settings, enter Reset My Security Token in the Quick Find box, then select Reset My Security Token.
 WARN [2019-01-31 22:14:49,697] (BaseRetryAspect.java:isConnectionExceptionRetryable:159) - Connection evaluation deemed exception not retry-able:
 LoginFault: Invalid username, password, security token; or user locked out. Are you at a new location? When accessing Salesforce--either via a desktop client or the API--from outside of your company’s trusted networks, you must add a security token to your password to log in. To get your new security token, log in to Salesforce. From your personal settings, enter Reset My Security Token in the Quick Find box, then select Reset My Security Token.
 WARN [2019-01-31 22:14:49,701] (ProjectController.java:getRemotePackageNames:862) - Unable to get project packages for project 'Vikash Kumar': Invalid username, password, security token; or user locked out. Are you at a new location? When accessing Salesforce--either via a desktop client or the API--from outside of your company’s trusted networks, you must add a security token to your password to log in. To get your new security token, log in to Salesforce. From your personal settings, enter Reset My Security Token in the Quick Find box, then select Reset My Security Token.
 WARN [2019-01-31 22:14:49,715] (ProjectOrganizationPage.java:prepareNextPage:263) - Unable to login: Invalid username, password, security token; or user locked out. Are you at a new location? When accessing Salesforce--either via a desktop client or the API--from outside of your company’s trusted networks, you must add a security token to your password to log in. To get your new security token, log in to Salesforce. From your personal settings, enter Reset My Security Token in the Quick Find box, then select Reset My Security Token.
 WARN [2019-01-31 22:20:35,752] (ConnectionFactory.java:clearCache:217) - No cached connections
 WARN [2019-01-31 22:20:35,764] (DescribeObjectRegistry.java:clearCache:660) - No cached describes
 WARN [2019-01-31 22:20:35,766] (MetadataFactory.java:clearCache:125) - No cached metadata stubs
 WARN [2019-01-31 22:27:40,814] (BaseRetryAspect.java:isLoginExceptionRetryable:124) - Login evaluation deemed exception not retry-able:
 LoginFault: Invalid username, password, security token; or user locked out. Are you at a new location? When accessing Salesforce--either via a desktop client or the API--from outside of your company’s trusted networks, you must add a security token to your password to log in. To get your new security token, log in to Salesforce. From your personal settings, enter Reset My Security Token in the Quick Find box, then select Reset My Security Token.
 WARN [2019-01-31 22:27:40,835] (BaseRetryAspect.java:isConnectionExceptionRetryable:159) - Connection evaluation deemed exception not retry-able:
 LoginFault: Invalid username, password, security token; or user locked out. Are you at a new location? When accessing Salesforce--either via a desktop client or the API--from outside of your company’s trusted networks, you must add a security token to your password to log in. To get your new security token, log in to Salesforce. From your personal settings, enter Reset My Security Token in the Quick Find box, then select Reset My Security Token.
 WARN [2019-01-31 22:27:40,837] (ProjectController.java:getRemotePackageNames:862) - Unable to get project packages for project 'Vikash Kumar': Invalid username, password, security token; or user locked out. Are you at a new location? When accessing Salesforce--either via a desktop client or the API--from outside of your company’s trusted networks, you must add a security token to your password to log in. To get your new security token, log in to Salesforce. From your personal settings, enter Reset My Security Token in the Quick Find box, then select Reset My Security Token.
 WARN [2019-01-31 22:27:40,853] (ProjectOrganizationPage.java:prepareNextPage:263) - Unable to login: Invalid username, password, security token; or user locked out. Are you at a new location? When accessing Salesforce--either via a desktop client or the API--from outside of your company’s trusted networks, you must add a security token to your password to log in. To get your new security token, log in to Salesforce. From your personal settings, enter Reset My Security Token in the Quick Find box, then select Reset My Security Token.
 WARN [2019-01-31 22:27:48,336] (ConnectionFactory.java:clearCache:217) - No cached connections
 WARN [2019-01-31 22:27:48,337] (DescribeObjectRegistry.java:clearCache:660) - No cached describes
 WARN [2019-01-31 22:27:48,338] (MetadataFactory.java:clearCache:125) - No cached metadata stubs
 WARN [2019-03-30 20:06:22,810] (ConnectionFactory.java:clearCache:217) - No cached connections
 WARN [2019-03-30 20:06:22,856] (DescribeObjectRegistry.java:clearCache:660) - No cached describes
 WARN [2019-03-30 20:06:22,857] (MetadataFactory.java:clearCache:125) - No cached metadata stubs
 WARN [2019-04-01 09:13:07,268] (ConnectionFactory.java:clearCache:217) - No cached connections
 WARN [2019-04-01 09:13:08,160] (DescribeObjectRegistry.java:clearCache:660) - No cached describes
 WARN [2019-04-01 09:13:08,163] (MetadataFactory.java:clearCache:125) - No cached metadata stubs
 WARN [2019-04-03 16:55:24,588] (ConnectionFactory.java:clearCache:217) - No cached connections
 WARN [2019-04-03 16:55:24,659] (DescribeObjectRegistry.java:clearCache:660) - No cached describes
 WARN [2019-04-03 16:55:24,663] (MetadataFactory.java:clearCache:125) - No cached metadata stubs
